{"synthetic": false,
 "outputs":
 {"o": ["10426104771366462647"],
  "i": "10441659029518679789",
  "c": "8604037706882021081"},
 "log":
 [{"message":
   ".> LEAN_PATH=C:\\Users\\Moses\\math_ops\\OperatorKernelO6\\.lake\\packages\\Cli\\.lake\\build\\lib\\lean;C:\\Users\\Moses\\math_ops\\OperatorKernelO6\\.lake\\packages\\batteries\\.lake\\build\\lib\\lean;C:\\Users\\Moses\\math_ops\\OperatorKernelO6\\.lake\\packages\\Qq\\.lake\\build\\lib\\lean;C:\\Users\\Moses\\math_ops\\OperatorKernelO6\\.lake\\packages\\aesop\\.lake\\build\\lib\\lean;C:\\Users\\Moses\\math_ops\\OperatorKernelO6\\.lake\\packages\\proofwidgets\\.lake\\build\\lib\\lean;C:\\Users\\Moses\\math_ops\\OperatorKernelO6\\.lake\\packages\\importGraph\\.lake\\build\\lib\\lean;C:\\Users\\Moses\\math_ops\\OperatorKernelO6\\.lake\\packages\\LeanSearchClient\\.lake\\build\\lib\\lean;C:\\Users\\Moses\\math_ops\\OperatorKernelO6\\.lake\\packages\\plausible\\.lake\\build\\lib\\lean;C:\\Users\\Moses\\math_ops\\OperatorKernelO6\\.lake\\packages\\mathlib\\.lake\\build\\lib\\lean;C:\\Users\\Moses\\math_ops\\OperatorKernelO6\\.lake\\build\\lib\\lean c:\\Users\\Moses\\.elan\\toolchains\\leanprover--lean4---v4.22.0-rc4\\bin\\lean.exe -Dpp.notation=true -Dtrace.profiler.threshold=5 C:\\Users\\Moses\\math_ops\\OperatorKernelO6\\OperatorKernelO6\\Meta\\Arithmetic.lean -o C:\\Users\\Moses\\math_ops\\OperatorKernelO6\\.lake\\build\\lib\\lean\\OperatorKernelO6\\Meta\\Arithmetic.olean -i C:\\Users\\Moses\\math_ops\\OperatorKernelO6\\.lake\\build\\lib\\lean\\OperatorKernelO6\\Meta\\Arithmetic.ilean -c C:\\Users\\Moses\\math_ops\\OperatorKernelO6\\.lake\\build\\ir\\OperatorKernelO6\\Meta\\Arithmetic.c --setup C:\\Users\\Moses\\math_ops\\OperatorKernelO6\\.lake\\build\\ir\\OperatorKernelO6\\Meta\\Arithmetic.setup.json --json",
   "level": "trace"}],
 "inputs":
 [["OperatorKernelO6.Meta.Arithmetic:deps",
   [["deps",
     [["OperatorKernelO6/OperatorKernelO6:extraDep",
       [["@OperatorKernelO6:extraDep", "1723"]]],
      ["import oleans",
       [["OperatorKernelO6.Kernel:olean",
         [["OperatorKernelO6.Kernel:deps", "12720339749678921893"],
          ["C:\\Users\\Moses\\math_ops\\OperatorKernelO6\\.lake\\build\\lib\\lean\\OperatorKernelO6\\Kernel.olean",
           "16259809544929756661"]]],
        ["OperatorKernelO6.Meta.Meta:olean",
         [["OperatorKernelO6.Meta.Meta:deps", "6334849013641456684"],
          ["C:\\Users\\Moses\\math_ops\\OperatorKernelO6\\.lake\\build\\lib\\lean\\OperatorKernelO6\\Meta\\Meta.olean",
           "4096702452111500446"]]]]]]],
    ["libs",
     [["import dynlibs", "1723"],
      ["package external libraries", "1723"],
      ["module dynlibs", "1723"],
      ["module plugins", "1723"]]]]],
  ["Lean 4.22.0, commit 30ceb3260d7d7536092fedff969b4b2e8de7f942",
   "7333961747739924687"],
  ["C:\\Users\\Moses\\math_ops\\OperatorKernelO6\\OperatorKernelO6\\Meta\\Arithmetic.lean",
   "11281820232427665225"],
  ["options", "1723"],
  ["Module.leanArgs: #[-Dpp.notation=true, -Dtrace.profiler.threshold=5]",
   "11004081667271888933"]],
 "depHash": "12609314896283417793"}