{"synthetic": false,
 "outputs":
 {"o": ["2614129706711854402"],
  "i": "6940254247840459800",
  "c": "7686133055895812856"},
 "log":
 [{"message":
   ".> LEAN_PATH=C:\\Users\\Moses\\math_ops\\OperatorKernelO6\\.lake\\packages\\Cli\\.lake\\build\\lib\\lean;C:\\Users\\Moses\\math_ops\\OperatorKernelO6\\.lake\\packages\\batteries\\.lake\\build\\lib\\lean;C:\\Users\\Moses\\math_ops\\OperatorKernelO6\\.lake\\packages\\Qq\\.lake\\build\\lib\\lean;C:\\Users\\Moses\\math_ops\\OperatorKernelO6\\.lake\\packages\\aesop\\.lake\\build\\lib\\lean;C:\\Users\\Moses\\math_ops\\OperatorKernelO6\\.lake\\packages\\proofwidgets\\.lake\\build\\lib\\lean;C:\\Users\\Moses\\math_ops\\OperatorKernelO6\\.lake\\packages\\importGraph\\.lake\\build\\lib\\lean;C:\\Users\\Moses\\math_ops\\OperatorKernelO6\\.lake\\packages\\plausible\\.lake\\build\\lib\\lean;C:\\Users\\Moses\\math_ops\\OperatorKernelO6\\.lake\\packages\\mathlib\\.lake\\build\\lib\\lean;C:\\Users\\Moses\\math_ops\\OperatorKernelO6\\.lake\\packages\\LeanSearchClient\\.lake\\build\\lib\\lean;C:\\Users\\Moses\\math_ops\\OperatorKernelO6\\.lake\\build\\lib\\lean c:\\Users\\Moses\\.elan\\toolchains\\leanprover--lean4---v4.22.0-rc4\\bin\\lean.exe -Dpp.notation=true -Dtrace.profiler.threshold=5 C:\\Users\\Moses\\math_ops\\OperatorKernelO6\\OperatorKernelO6\\Meta\\Meta.lean -o C:\\Users\\Moses\\math_ops\\OperatorKernelO6\\.lake\\build\\lib\\lean\\OperatorKernelO6\\Meta\\Meta.olean -i C:\\Users\\Moses\\math_ops\\OperatorKernelO6\\.lake\\build\\lib\\lean\\OperatorKernelO6\\Meta\\Meta.ilean -c C:\\Users\\Moses\\math_ops\\OperatorKernelO6\\.lake\\build\\ir\\OperatorKernelO6\\Meta\\Meta.c --setup C:\\Users\\Moses\\math_ops\\OperatorKernelO6\\.lake\\build\\ir\\OperatorKernelO6\\Meta\\Meta.setup.json --json",
   "level": "trace"}],
 "inputs":
 [["OperatorKernelO6.Meta.Meta:deps",
   [["deps",
     [["OperatorKernelO6/OperatorKernelO6:extraDep",
       [["@OperatorKernelO6:extraDep", "1723"]]],
      ["import oleans",
       [["OperatorKernelO6.Kernel:olean",
         [["OperatorKernelO6.Kernel:deps", "12720339749678921893"],
          ["C:\\Users\\Moses\\math_ops\\OperatorKernelO6\\.lake\\build\\lib\\lean\\OperatorKernelO6\\Kernel.olean",
           "16259809544929756661"]]],
        ["Mathlib.Data.Prod.Lex:olean",
         [["Mathlib.Data.Prod.Lex:deps", "3640114197952967779"],
          ["C:\\Users\\Moses\\math_ops\\OperatorKernelO6\\.lake\\packages\\mathlib\\.lake\\build\\lib\\lean\\Mathlib\\Data\\Prod\\Lex.olean",
           "5299815612016118954"]]],
        ["Mathlib.Tactic.Linarith:olean",
         [["Mathlib.Tactic.Linarith:deps", "9557132833576555350"],
          ["C:\\Users\\Moses\\math_ops\\OperatorKernelO6\\.lake\\packages\\mathlib\\.lake\\build\\lib\\lean\\Mathlib\\Tactic\\Linarith.olean",
           "10731255658165151509"]]]]]]],
    ["libs",
     [["import dynlibs", "1723"],
      ["package external libraries", "1723"],
      ["module dynlibs", "1723"],
      ["module plugins", "1723"]]]]],
  ["Lean 4.22.0, commit 30ceb3260d7d7536092fedff969b4b2e8de7f942",
   "7333961747739924687"],
  ["C:\\Users\\Moses\\math_ops\\OperatorKernelO6\\OperatorKernelO6\\Meta\\Meta.lean",
   "8663177470954369952"],
  ["options", "1723"],
  ["Module.leanArgs: #[-Dpp.notation=true, -Dtrace.profiler.threshold=5]",
   "11004081667271888933"]],
 "depHash": "969458018176594756"}