{"synthetic": false,
 "outputs":
 {"o": ["6517371631187945429"],
  "i": "14975146901923767403",
  "c": "15214306064607790553"},
 "log":
 [{"message":
   ".> LEAN_PATH=C:\\Users\\Moses\\math_ops\\OperatorKernelO6\\.lake\\packages\\Cli\\.lake\\build\\lib\\lean;C:\\Users\\Moses\\math_ops\\OperatorKernelO6\\.lake\\packages\\Qq\\.lake\\build\\lib\\lean;C:\\Users\\Moses\\math_ops\\OperatorKernelO6\\.lake\\packages\\aesop\\.lake\\build\\lib\\lean;C:\\Users\\Moses\\math_ops\\OperatorKernelO6\\.lake\\packages\\proofwidgets\\.lake\\build\\lib\\lean;C:\\Users\\Moses\\math_ops\\OperatorKernelO6\\.lake\\packages\\importGraph\\.lake\\build\\lib\\lean;C:\\Users\\Moses\\math_ops\\OperatorKernelO6\\.lake\\packages\\LeanSearchClient\\.lake\\build\\lib\\lean;C:\\Users\\Moses\\math_ops\\OperatorKernelO6\\.lake\\packages\\plausible\\.lake\\build\\lib\\lean;C:\\Users\\Moses\\math_ops\\OperatorKernelO6\\.lake\\packages\\batteries\\.lake\\build\\lib\\lean;C:\\Users\\Moses\\math_ops\\OperatorKernelO6\\.lake\\packages\\mathlib\\.lake\\build\\lib\\lean;C:\\Users\\Moses\\math_ops\\OperatorKernelO6\\.lake\\build\\lib\\lean c:\\Users\\Moses\\.elan\\toolchains\\leanprover--lean4---v4.22.0-rc4\\bin\\lean.exe C:\\Users\\Moses\\math_ops\\OperatorKernelO6\\OperatorKernelO6\\Meta\\OrdinalExtras.lean -o C:\\Users\\Moses\\math_ops\\OperatorKernelO6\\.lake\\build\\lib\\lean\\OperatorKernelO6\\Meta\\OrdinalExtras.olean -i C:\\Users\\Moses\\math_ops\\OperatorKernelO6\\.lake\\build\\lib\\lean\\OperatorKernelO6\\Meta\\OrdinalExtras.ilean -c C:\\Users\\Moses\\math_ops\\OperatorKernelO6\\.lake\\build\\ir\\OperatorKernelO6\\Meta\\OrdinalExtras.c --setup C:\\Users\\Moses\\math_ops\\OperatorKernelO6\\.lake\\build\\ir\\OperatorKernelO6\\Meta\\OrdinalExtras.setup.json --json",
   "level": "trace"}],
 "inputs":
 [["OperatorKernelO6.Meta.OrdinalExtras:deps",
   [["deps",
     [["OperatorKernelO6/OperatorKernelO6:extraDep",
       [["@OperatorKernelO6:extraDep", "1723"]]],
      ["import oleans",
       [["Mathlib.SetTheory.Ordinal.Basic:olean",
         [["Mathlib.SetTheory.Ordinal.Basic:deps", "1174050803957407746"],
          ["C:\\Users\\Moses\\math_ops\\OperatorKernelO6\\.lake\\packages\\mathlib\\.lake\\build\\lib\\lean\\Mathlib\\SetTheory\\Ordinal\\Basic.olean",
           "11770650020927195568"]]],
        ["Mathlib.Tactic:olean",
         [["Mathlib.Tactic:deps", "18076497516984362725"],
          ["C:\\Users\\Moses\\math_ops\\OperatorKernelO6\\.lake\\packages\\mathlib\\.lake\\build\\lib\\lean\\Mathlib\\Tactic.olean",
           "97961077058341139"]]]]]]],
    ["libs",
     [["import dynlibs", "1723"],
      ["package external libraries", "1723"],
      ["module dynlibs", "1723"],
      ["module plugins", "1723"]]]]],
  ["Lean 4.22.0, commit 30ceb3260d7d7536092fedff969b4b2e8de7f942",
   "7333961747739924687"],
  ["C:\\Users\\Moses\\math_ops\\OperatorKernelO6\\OperatorKernelO6\\Meta\\OrdinalExtras.lean",
   "13239145993063962001"],
  ["options", "1723"],
  ["Module.leanArgs: #[]", "1723"]],
 "depHash": "11645392561662937385"}