{"synthetic": false,
 "outputs":
 {"o": ["7247675174533661133"],
  "i": "8704592110552960826",
  "c": "10071999306968090977"},
 "log":
 [{"message":
   ".> LEAN_PATH=C:\\Users\\Moses\\math_ops\\OperatorKernelO6\\.lake\\packages\\Cli\\.lake\\build\\lib\\lean;C:\\Users\\Moses\\math_ops\\OperatorKernelO6\\.lake\\packages\\batteries\\.lake\\build\\lib\\lean;C:\\Users\\Moses\\math_ops\\OperatorKernelO6\\.lake\\packages\\Qq\\.lake\\build\\lib\\lean;C:\\Users\\Moses\\math_ops\\OperatorKernelO6\\.lake\\packages\\aesop\\.lake\\build\\lib\\lean;C:\\Users\\Moses\\math_ops\\OperatorKernelO6\\.lake\\packages\\proofwidgets\\.lake\\build\\lib\\lean;C:\\Users\\Moses\\math_ops\\OperatorKernelO6\\.lake\\packages\\importGraph\\.lake\\build\\lib\\lean;C:\\Users\\Moses\\math_ops\\OperatorKernelO6\\.lake\\packages\\LeanSearchClient\\.lake\\build\\lib\\lean;C:\\Users\\Moses\\math_ops\\OperatorKernelO6\\.lake\\packages\\plausible\\.lake\\build\\lib\\lean;C:\\Users\\Moses\\math_ops\\OperatorKernelO6\\.lake\\packages\\mathlib\\.lake\\build\\lib\\lean;C:\\Users\\Moses\\math_ops\\OperatorKernelO6\\.lake\\build\\lib\\lean c:\\Users\\Moses\\.elan\\toolchains\\leanprover--lean4---v4.22.0-rc4\\bin\\lean.exe -Dpp.notation=true -Dtrace.profiler.threshold=5 C:\\Users\\Moses\\math_ops\\OperatorKernelO6\\OperatorKernelO6\\Meta\\TerminationBase.lean -o C:\\Users\\Moses\\math_ops\\OperatorKernelO6\\.lake\\build\\lib\\lean\\OperatorKernelO6\\Meta\\TerminationBase.olean -i C:\\Users\\Moses\\math_ops\\OperatorKernelO6\\.lake\\build\\lib\\lean\\OperatorKernelO6\\Meta\\TerminationBase.ilean -c C:\\Users\\Moses\\math_ops\\OperatorKernelO6\\.lake\\build\\ir\\OperatorKernelO6\\Meta\\TerminationBase.c --setup C:\\Users\\Moses\\math_ops\\OperatorKernelO6\\.lake\\build\\ir\\OperatorKernelO6\\Meta\\TerminationBase.setup.json --json",
   "level": "trace"},
  {"message":
   "OperatorKernelO6/Meta/TerminationBase.lean:188:8: declaration uses 'sorry'",
   "level": "warning"}],
 "inputs":
 [["OperatorKernelO6.Meta.TerminationBase:deps",
   [["deps",
     [["OperatorKernelO6/OperatorKernelO6:extraDep",
       [["@OperatorKernelO6:extraDep", "1723"]]],
      ["import oleans",
       [["OperatorKernelO6.Kernel:olean",
         [["OperatorKernelO6.Kernel:deps", "12720339749678921893"],
          ["C:\\Users\\Moses\\math_ops\\OperatorKernelO6\\.lake\\build\\lib\\lean\\OperatorKernelO6\\Kernel.olean",
           "16259809544929756661"]]],
        ["Mathlib.Algebra.Order.SuccPred:olean",
         [["Mathlib.Algebra.Order.SuccPred:deps", "14810010329588127215"],
          ["C:\\Users\\Moses\\math_ops\\OperatorKernelO6\\.lake\\packages\\mathlib\\.lake\\build\\lib\\lean\\Mathlib\\Algebra\\Order\\SuccPred.olean",
           "16065373141146679431"]]],
        ["Mathlib.Data.Nat.Cast.Order.Basic:olean",
         [["Mathlib.Data.Nat.Cast.Order.Basic:deps", "11512718098639006226"],
          ["C:\\Users\\Moses\\math_ops\\OperatorKernelO6\\.lake\\packages\\mathlib\\.lake\\build\\lib\\lean\\Mathlib\\Data\\Nat\\Cast\\Order\\Basic.olean",
           "3870932501306620860"]]],
        ["Mathlib.SetTheory.Ordinal.Basic:olean",
         [["Mathlib.SetTheory.Ordinal.Basic:deps", "1174050803957407746"],
          ["C:\\Users\\Moses\\math_ops\\OperatorKernelO6\\.lake\\packages\\mathlib\\.lake\\build\\lib\\lean\\Mathlib\\SetTheory\\Ordinal\\Basic.olean",
           "11770650020927195568"]]],
        ["Mathlib.SetTheory.Ordinal.Arithmetic:olean",
         [["Mathlib.SetTheory.Ordinal.Arithmetic:deps", "16131130174506134736"],
          ["C:\\Users\\Moses\\math_ops\\OperatorKernelO6\\.lake\\packages\\mathlib\\.lake\\build\\lib\\lean\\Mathlib\\SetTheory\\Ordinal\\Arithmetic.olean",
           "8354738018130630121"]]],
        ["Mathlib.SetTheory.Ordinal.Exponential:olean",
         [["Mathlib.SetTheory.Ordinal.Exponential:deps",
           "17666568127807244336"],
          ["C:\\Users\\Moses\\math_ops\\OperatorKernelO6\\.lake\\packages\\mathlib\\.lake\\build\\lib\\lean\\Mathlib\\SetTheory\\Ordinal\\Exponential.olean",
           "6701077260448371483"]]],
        ["Mathlib.Algebra.Order.Monoid.Defs:olean",
         [["Mathlib.Algebra.Order.Monoid.Defs:deps", "14458329681374209459"],
          ["C:\\Users\\Moses\\math_ops\\OperatorKernelO6\\.lake\\packages\\mathlib\\.lake\\build\\lib\\lean\\Mathlib\\Algebra\\Order\\Monoid\\Defs.olean",
           "712834071669098929"]]],
        ["Mathlib.Tactic.Linarith:olean",
         [["Mathlib.Tactic.Linarith:deps", "10702616972968770832"],
          ["C:\\Users\\Moses\\math_ops\\OperatorKernelO6\\.lake\\packages\\mathlib\\.lake\\build\\lib\\lean\\Mathlib\\Tactic\\Linarith.olean",
           "1506140196296674625"]]],
        ["Mathlib.Tactic.NormNum:olean",
         [["Mathlib.Tactic.NormNum:deps", "13988250652306092811"],
          ["C:\\Users\\Moses\\math_ops\\OperatorKernelO6\\.lake\\packages\\mathlib\\.lake\\build\\lib\\lean\\Mathlib\\Tactic\\NormNum.olean",
           "9972720368881645377"]]],
        ["Mathlib.Algebra.Order.GroupWithZero.Unbundled.Defs:olean",
         [["Mathlib.Algebra.Order.GroupWithZero.Unbundled.Defs:deps",
           "14316446996251981764"],
          ["C:\\Users\\Moses\\math_ops\\OperatorKernelO6\\.lake\\packages\\mathlib\\.lake\\build\\lib\\lean\\Mathlib\\Algebra\\Order\\GroupWithZero\\Unbundled\\Defs.olean",
           "1325879700165248113"]]],
        ["Mathlib.Algebra.Order.Monoid.Unbundled.Basic:olean",
         [["Mathlib.Algebra.Order.Monoid.Unbundled.Basic:deps",
           "15995395979175712504"],
          ["C:\\Users\\Moses\\math_ops\\OperatorKernelO6\\.lake\\packages\\mathlib\\.lake\\build\\lib\\lean\\Mathlib\\Algebra\\Order\\Monoid\\Unbundled\\Basic.olean",
           "4603211321108900963"]]],
        ["Mathlib.Tactic.Ring:olean",
         [["Mathlib.Tactic.Ring:deps", "14726461079606210186"],
          ["C:\\Users\\Moses\\math_ops\\OperatorKernelO6\\.lake\\packages\\mathlib\\.lake\\build\\lib\\lean\\Mathlib\\Tactic\\Ring.olean",
           "6218043889481630637"]]],
        ["Mathlib.Algebra.Order.Group.Defs:olean",
         [["Mathlib.Algebra.Order.Group.Defs:deps", "5359240471942026243"],
          ["C:\\Users\\Moses\\math_ops\\OperatorKernelO6\\.lake\\packages\\mathlib\\.lake\\build\\lib\\lean\\Mathlib\\Algebra\\Order\\Group\\Defs.olean",
           "8485799586309317792"]]],
        ["Mathlib.SetTheory.Ordinal.Principal:olean",
         [["Mathlib.SetTheory.Ordinal.Principal:deps", "12297854565871888625"],
          ["C:\\Users\\Moses\\math_ops\\OperatorKernelO6\\.lake\\packages\\mathlib\\.lake\\build\\lib\\lean\\Mathlib\\SetTheory\\Ordinal\\Principal.olean",
           "16361970342729539165"]]],
        ["Mathlib.Tactic:olean",
         [["Mathlib.Tactic:deps", "18076497516984362725"],
          ["C:\\Users\\Moses\\math_ops\\OperatorKernelO6\\.lake\\packages\\mathlib\\.lake\\build\\lib\\lean\\Mathlib\\Tactic.olean",
           "97961077058341139"]]]]]]],
    ["libs",
     [["import dynlibs", "1723"],
      ["package external libraries", "1723"],
      ["module dynlibs", "1723"],
      ["module plugins", "1723"]]]]],
  ["Lean 4.22.0, commit 30ceb3260d7d7536092fedff969b4b2e8de7f942",
   "7333961747739924687"],
  ["C:\\Users\\Moses\\math_ops\\OperatorKernelO6\\OperatorKernelO6\\Meta\\TerminationBase.lean",
   "11524836353297091729"],
  ["options", "1723"],
  ["Module.leanArgs: #[-Dpp.notation=true, -Dtrace.profiler.threshold=5]",
   "11004081667271888933"]],
 "depHash": "377972555718141790"}