{"synthetic": false,
 "outputs":
 {"o": ["13084925674773252633"],
  "i": "7294623576288257793",
  "c": "2916072245784831840"},
 "log":
 [{"message":
   ".> LEAN_PATH=C:\\Users\\Moses\\math_ops\\OperatorKernelO6\\.lake\\packages\\Cli\\.lake\\build\\lib\\lean;C:\\Users\\Moses\\math_ops\\OperatorKernelO6\\.lake\\packages\\batteries\\.lake\\build\\lib\\lean;C:\\Users\\Moses\\math_ops\\OperatorKernelO6\\.lake\\packages\\Qq\\.lake\\build\\lib\\lean;C:\\Users\\Moses\\math_ops\\OperatorKernelO6\\.lake\\packages\\aesop\\.lake\\build\\lib\\lean;C:\\Users\\Moses\\math_ops\\OperatorKernelO6\\.lake\\packages\\proofwidgets\\.lake\\build\\lib\\lean;C:\\Users\\Moses\\math_ops\\OperatorKernelO6\\.lake\\packages\\importGraph\\.lake\\build\\lib\\lean;C:\\Users\\Moses\\math_ops\\OperatorKernelO6\\.lake\\packages\\plausible\\.lake\\build\\lib\\lean;C:\\Users\\Moses\\math_ops\\OperatorKernelO6\\.lake\\packages\\mathlib\\.lake\\build\\lib\\lean;C:\\Users\\Moses\\math_ops\\OperatorKernelO6\\.lake\\packages\\LeanSearchClient\\.lake\\build\\lib\\lean;C:\\Users\\Moses\\math_ops\\OperatorKernelO6\\.lake\\build\\lib\\lean c:\\Users\\Moses\\.elan\\toolchains\\leanprover--lean4---v4.22.0-rc4\\bin\\lean.exe -Dpp.notation=true -Dtrace.profiler.threshold=5 C:\\Users\\Moses\\math_ops\\OperatorKernelO6\\OperatorKernelO6\\Meta\\Termination_Lex.lean -o C:\\Users\\Moses\\math_ops\\OperatorKernelO6\\.lake\\build\\lib\\lean\\OperatorKernelO6\\Meta\\Termination_Lex.olean -i C:\\Users\\Moses\\math_ops\\OperatorKernelO6\\.lake\\build\\lib\\lean\\OperatorKernelO6\\Meta\\Termination_Lex.ilean -c C:\\Users\\Moses\\math_ops\\OperatorKernelO6\\.lake\\build\\ir\\OperatorKernelO6\\Meta\\Termination_Lex.c --setup C:\\Users\\Moses\\math_ops\\OperatorKernelO6\\.lake\\build\\ir\\OperatorKernelO6\\Meta\\Termination_Lex.setup.json --json",
   "level": "trace"}],
 "inputs":
 [["OperatorKernelO6.Meta.Termination_Lex:deps",
   [["deps",
     [["OperatorKernelO6/OperatorKernelO6:extraDep",
       [["@OperatorKernelO6:extraDep", "1723"]]],
      ["import oleans",
       [["OperatorKernelO6.Kernel:olean",
         [["OperatorKernelO6.Kernel:deps", "12720339749678921893"],
          ["C:\\Users\\Moses\\math_ops\\OperatorKernelO6\\.lake\\build\\lib\\lean\\OperatorKernelO6\\Kernel.olean",
           "16259809544929756661"]]],
        ["Mathlib.Data.Prod.Lex:olean",
         [["Mathlib.Data.Prod.Lex:deps", "3640114197952967779"],
          ["C:\\Users\\Moses\\math_ops\\OperatorKernelO6\\.lake\\packages\\mathlib\\.lake\\build\\lib\\lean\\Mathlib\\Data\\Prod\\Lex.olean",
           "5299815612016118954"]]],
        ["Mathlib.SetTheory.Ordinal.Basic:olean",
         [["Mathlib.SetTheory.Ordinal.Basic:deps", "13895426775304496345"],
          ["C:\\Users\\Moses\\math_ops\\OperatorKernelO6\\.lake\\packages\\mathlib\\.lake\\build\\lib\\lean\\Mathlib\\SetTheory\\Ordinal\\Basic.olean",
           "9793135723657302474"]]],
        ["Mathlib.SetTheory.Ordinal.Arithmetic:olean",
         [["Mathlib.SetTheory.Ordinal.Arithmetic:deps", "15176236971272108655"],
          ["C:\\Users\\Moses\\math_ops\\OperatorKernelO6\\.lake\\packages\\mathlib\\.lake\\build\\lib\\lean\\Mathlib\\SetTheory\\Ordinal\\Arithmetic.olean",
           "16484966982991430133"]]],
        ["Mathlib.SetTheory.Ordinal.Exponential:olean",
         [["Mathlib.SetTheory.Ordinal.Exponential:deps",
           "18334473416729482739"],
          ["C:\\Users\\Moses\\math_ops\\OperatorKernelO6\\.lake\\packages\\mathlib\\.lake\\build\\lib\\lean\\Mathlib\\SetTheory\\Ordinal\\Exponential.olean",
           "8828347707994724190"]]],
        ["Mathlib.Algebra.Order.SuccPred:olean",
         [["Mathlib.Algebra.Order.SuccPred:deps", "14716096949625184081"],
          ["C:\\Users\\Moses\\math_ops\\OperatorKernelO6\\.lake\\packages\\mathlib\\.lake\\build\\lib\\lean\\Mathlib\\Algebra\\Order\\SuccPred.olean",
           "1618673203122125829"]]],
        ["Mathlib.Data.Nat.Cast.Order.Basic:olean",
         [["Mathlib.Data.Nat.Cast.Order.Basic:deps", "17509617658741907606"],
          ["C:\\Users\\Moses\\math_ops\\OperatorKernelO6\\.lake\\packages\\mathlib\\.lake\\build\\lib\\lean\\Mathlib\\Data\\Nat\\Cast\\Order\\Basic.olean",
           "9320726991654075211"]]]]]]],
    ["libs",
     [["import dynlibs", "1723"],
      ["package external libraries", "1723"],
      ["module dynlibs", "1723"],
      ["module plugins", "1723"]]]]],
  ["Lean 4.22.0, commit 30ceb3260d7d7536092fedff969b4b2e8de7f942",
   "7333961747739924687"],
  ["C:\\Users\\Moses\\math_ops\\OperatorKernelO6\\OperatorKernelO6\\Meta\\Termination_Lex.lean",
   "15032786427872869753"],
  ["options", "1723"],
  ["Module.leanArgs: #[-Dpp.notation=true, -Dtrace.profiler.threshold=5]",
   "11004081667271888933"]],
 "depHash": "5571631239111656696"}